*** Starting uWSGI 2.0.18 (64bit) on [Mon Nov 25 09:58:53 2019] ***
compiled with version: 4.8.5 20150623 (Red Hat 4.8.5-28) on 25 November 2019 01:57:24
os: Linux-3.10.0-693.2.2.el7.x86_64 #1 SMP Tue Sep 12 22:26:13 UTC 2017
nodename: liuxiaoer
machine: x86_64
clock source: unix
pcre jit disabled
detected number of CPU cores: 1
current working directory: /root/site/xiao2Blog/server/server
writing pidfile to ./uwsgi/uwsgi.pid
detected binary path: /root/site/xiao2Blog/server/venv/bin/uwsgi
uWSGI running as root, you can use --uid/--gid/--chroot options
*** WARNING: you are running uWSGI as root !!! (use the --uid flag) *** 
chdir() to /root/site/xiao2Blog/server/server/
your processes number limit is 3895
your memory page size is 4096 bytes
detected max file descriptor number: 65535
lock engine: pthread robust mutexes
thunder lock: disabled (you can enable it with --thunder-lock)
probably another instance of uWSGI is running on the same address (127.0.0.1:3000).
bind(): Address already in use [core/socket.c line 769]
*** Starting uWSGI 2.0.18 (64bit) on [Mon Nov 25 09:59:00 2019] ***
compiled with version: 4.8.5 20150623 (Red Hat 4.8.5-28) on 25 November 2019 01:57:24
os: Linux-3.10.0-693.2.2.el7.x86_64 #1 SMP Tue Sep 12 22:26:13 UTC 2017
nodename: liuxiaoer
machine: x86_64
clock source: unix
pcre jit disabled
detected number of CPU cores: 1
current working directory: /root/site/xiao2Blog/server/server
writing pidfile to ./uwsgi/uwsgi.pid
detected binary path: /root/site/xiao2Blog/server/venv/bin/uwsgi
uWSGI running as root, you can use --uid/--gid/--chroot options
*** WARNING: you are running uWSGI as root !!! (use the --uid flag) *** 
chdir() to /root/site/xiao2Blog/server/server/
your processes number limit is 3895
your memory page size is 4096 bytes
detected max file descriptor number: 65535
lock engine: pthread robust mutexes
thunder lock: disabled (you can enable it with --thunder-lock)
probably another instance of uWSGI is running on the same address (127.0.0.1:3000).
bind(): Address already in use [core/socket.c line 769]
*** Starting uWSGI 2.0.18 (64bit) on [Mon Nov 25 09:59:35 2019] ***
compiled with version: 4.8.5 20150623 (Red Hat 4.8.5-28) on 25 November 2019 01:57:24
os: Linux-3.10.0-693.2.2.el7.x86_64 #1 SMP Tue Sep 12 22:26:13 UTC 2017
nodename: liuxiaoer
machine: x86_64
clock source: unix
pcre jit disabled
detected number of CPU cores: 1
current working directory: /root/site/xiao2Blog/server/server
writing pidfile to ./uwsgi/uwsgi.pid
detected binary path: /root/site/xiao2Blog/server/venv/bin/uwsgi
uWSGI running as root, you can use --uid/--gid/--chroot options
*** WARNING: you are running uWSGI as root !!! (use the --uid flag) *** 
chdir() to /root/site/xiao2Blog/server/server/
your processes number limit is 3895
your memory page size is 4096 bytes
detected max file descriptor number: 65535
lock engine: pthread robust mutexes
thunder lock: disabled (you can enable it with --thunder-lock)
probably another instance of uWSGI is running on the same address (127.0.0.1:3000).
bind(): Address already in use [core/socket.c line 769]
*** Starting uWSGI 2.0.18 (64bit) on [Mon Nov 25 09:59:51 2019] ***
compiled with version: 4.8.5 20150623 (Red Hat 4.8.5-28) on 25 November 2019 01:57:24
os: Linux-3.10.0-693.2.2.el7.x86_64 #1 SMP Tue Sep 12 22:26:13 UTC 2017
nodename: liuxiaoer
machine: x86_64
clock source: unix
pcre jit disabled
detected number of CPU cores: 1
current working directory: /root/site/xiao2Blog/server/server
writing pidfile to ./uwsgi/uwsgi.pid
detected binary path: /root/site/xiao2Blog/server/venv/bin/uwsgi
uWSGI running as root, you can use --uid/--gid/--chroot options
*** WARNING: you are running uWSGI as root !!! (use the --uid flag) *** 
chdir() to /root/site/xiao2Blog/server/server/
your processes number limit is 3895
your memory page size is 4096 bytes
detected max file descriptor number: 65535
lock engine: pthread robust mutexes
thunder lock: disabled (you can enable it with --thunder-lock)
probably another instance of uWSGI is running on the same address (127.0.0.1:3000).
bind(): Address already in use [core/socket.c line 769]
*** Starting uWSGI 2.0.18 (64bit) on [Mon Nov 25 15:02:20 2019] ***
compiled with version: 4.8.5 20150623 (Red Hat 4.8.5-28) on 25 November 2019 01:57:24
os: Linux-3.10.0-693.2.2.el7.x86_64 #1 SMP Tue Sep 12 22:26:13 UTC 2017
nodename: liuxiaoer
machine: x86_64
clock source: unix
pcre jit disabled
detected number of CPU cores: 1
current working directory: /root/site/xiao2Blog/server/server
writing pidfile to ./uwsgi/uwsgi.pid
detected binary path: /root/site/xiao2Blog/server/venv/bin/uwsgi
uWSGI running as root, you can use --uid/--gid/--chroot options
*** WARNING: you are running uWSGI as root !!! (use the --uid flag) *** 
chdir() to /root/site/xiao2Blog/server/server/
your processes number limit is 3895
your memory page size is 4096 bytes
detected max file descriptor number: 65535
lock engine: pthread robust mutexes
thunder lock: disabled (you can enable it with --thunder-lock)
uwsgi socket 0 bound to TCP address 127.0.0.1:3000 fd 3
uWSGI running as root, you can use --uid/--gid/--chroot options
*** WARNING: you are running uWSGI as root !!! (use the --uid flag) *** 
Python version: 3.6.6 (default, Nov 25 2018, 21:43:00)  [GCC 4.8.5 20150623 (Red Hat 4.8.5-28)]
Python main interpreter initialized at 0xb68fa0
uWSGI running as root, you can use --uid/--gid/--chroot options
*** WARNING: you are running uWSGI as root !!! (use the --uid flag) *** 
python threads support enabled
your server socket listen backlog is limited to 100 connections
your mercy for graceful operations on workers is 60 seconds
mapped 218760 bytes (213 KB) for 2 cores
*** Operational MODE: preforking ***
Traceback (most recent call last):
  File "./wsgi.py", line 12, in <module>
    from django.core.wsgi import get_wsgi_application
ModuleNotFoundError: No module named 'django'
unable to load app 0 (mountpoint='') (callable not found or import error)
*** no app loaded. going in full dynamic mode ***
uWSGI running as root, you can use --uid/--gid/--chroot options
*** WARNING: you are running uWSGI as root !!! (use the --uid flag) *** 
*** uWSGI is running in multiple interpreter mode ***
spawned uWSGI master process (pid: 3734)
spawned uWSGI worker 1 (pid: 3735, cores: 1)
spawned uWSGI worker 2 (pid: 3736, cores: 1)
*** Stats server enabled on ./uwsgi/uwsgi.status fd: 11 ***
Python auto-reloader enabled
*** Starting uWSGI 2.0.18 (64bit) on [Mon Nov 25 15:03:47 2019] ***
compiled with version: 4.8.5 20150623 (Red Hat 4.8.5-28) on 25 November 2019 01:57:24
os: Linux-3.10.0-693.2.2.el7.x86_64 #1 SMP Tue Sep 12 22:26:13 UTC 2017
nodename: liuxiaoer
machine: x86_64
clock source: unix
pcre jit disabled
detected number of CPU cores: 1
current working directory: /root/site/xiao2Blog/server/server
writing pidfile to ./uwsgi/uwsgi.pid
detected binary path: /root/site/xiao2Blog/server/venv/bin/uwsgi
uWSGI running as root, you can use --uid/--gid/--chroot options
*** WARNING: you are running uWSGI as root !!! (use the --uid flag) *** 
chdir() to /root/site/xiao2Blog/server/server/
your processes number limit is 3895
your memory page size is 4096 bytes
detected max file descriptor number: 65535
lock engine: pthread robust mutexes
thunder lock: disabled (you can enable it with --thunder-lock)
probably another instance of uWSGI is running on the same address (127.0.0.1:3000).
bind(): Address already in use [core/socket.c line 769]
--- no python application found, check your startup logs for errors ---
[pid: 3735|app: -1|req: -1/1] 119.80.187.222 () {46 vars in 813 bytes} [Mon Nov 25 15:05:19 2019] GET /api2/ => generated 21 bytes in 0 msecs (HTTP/1.1 500) 2 headers in 83 bytes (0 switches on core 0)
--- no python application found, check your startup logs for errors ---
[pid: 3735|app: -1|req: -1/2] 119.80.187.222 () {48 vars in 848 bytes} [Mon Nov 25 15:08:53 2019] GET /api2/admin => generated 21 bytes in 0 msecs (HTTP/1.1 500) 2 headers in 83 bytes (0 switches on core 0)
--- no python application found, check your startup logs for errors ---
[pid: 3735|app: -1|req: -1/3] 119.80.187.222 () {50 vars in 879 bytes} [Mon Nov 25 15:09:06 2019] GET /api2/admin => generated 21 bytes in 0 msecs (HTTP/1.1 500) 2 headers in 83 bytes (0 switches on core 0)
--- no python application found, check your startup logs for errors ---
[pid: 3735|app: -1|req: -1/4] 119.80.187.222 () {48 vars in 838 bytes} [Mon Nov 25 15:09:48 2019] GET /api2/ => generated 21 bytes in 0 msecs (HTTP/1.1 500) 2 headers in 83 bytes (0 switches on core 0)
Mon Nov 25 15:10:44 2019 - uWSGI worker 1 screams: UAAAAAAH my master disconnected: i will kill myself !!!
Mon Nov 25 15:10:44 2019 - uWSGI worker 2 screams: UAAAAAAH my master disconnected: i will kill myself !!!
*** Starting uWSGI 2.0.18 (64bit) on [Mon Nov 25 16:18:09 2019] ***
compiled with version: 4.8.5 20150623 (Red Hat 4.8.5-28) on 25 November 2019 01:57:24
os: Linux-3.10.0-693.2.2.el7.x86_64 #1 SMP Tue Sep 12 22:26:13 UTC 2017
nodename: liuxiaoer
machine: x86_64
clock source: unix
pcre jit disabled
detected number of CPU cores: 1
current working directory: /root/site/xiao2Blog/server/server
writing pidfile to ./uwsgi/uwsgi.pid
detected binary path: /root/site/xiao2Blog/server/venv/bin/uwsgi
uWSGI running as root, you can use --uid/--gid/--chroot options
*** WARNING: you are running uWSGI as root !!! (use the --uid flag) *** 
chdir() to /root/site/xiao2Blog/server
your processes number limit is 3895
your memory page size is 4096 bytes
detected max file descriptor number: 65535
lock engine: pthread robust mutexes
thunder lock: disabled (you can enable it with --thunder-lock)
uwsgi socket 0 bound to TCP address 127.0.0.1:3000 fd 3
uWSGI running as root, you can use --uid/--gid/--chroot options
*** WARNING: you are running uWSGI as root !!! (use the --uid flag) *** 
Python version: 3.6.6 (default, Nov 25 2018, 21:43:00)  [GCC 4.8.5 20150623 (Red Hat 4.8.5-28)]
Python main interpreter initialized at 0x24f1fa0
uWSGI running as root, you can use --uid/--gid/--chroot options
*** WARNING: you are running uWSGI as root !!! (use the --uid flag) *** 
python threads support enabled
your server socket listen backlog is limited to 100 connections
your mercy for graceful operations on workers is 60 seconds
mapped 218760 bytes (213 KB) for 2 cores
*** Operational MODE: preforking ***
ModuleNotFoundError: No module named 'server/wsgi'
unable to load app 0 (mountpoint='') (callable not found or import error)
*** no app loaded. going in full dynamic mode ***
uWSGI running as root, you can use --uid/--gid/--chroot options
*** WARNING: you are running uWSGI as root !!! (use the --uid flag) *** 
*** uWSGI is running in multiple interpreter mode ***
spawned uWSGI master process (pid: 8087)
spawned uWSGI worker 1 (pid: 8089, cores: 1)
spawned uWSGI worker 2 (pid: 8090, cores: 1)
*** Stats server enabled on ./uwsgi/uwsgi.status fd: 11 ***
Python auto-reloader enabled
--- no python application found, check your startup logs for errors ---
[pid: 8090|app: -1|req: -1/1] 119.80.187.222 () {52 vars in 903 bytes} [Mon Nov 25 16:18:17 2019] GET /api2/admin/ => generated 21 bytes in 0 msecs (HTTP/1.1 500) 2 headers in 83 bytes (0 switches on core 0)
--- no python application found, check your startup logs for errors ---
[pid: 8090|app: -1|req: -1/2] 119.80.187.222 () {52 vars in 899 bytes} [Mon Nov 25 16:18:28 2019] GET /api2/api/ => generated 21 bytes in 0 msecs (HTTP/1.1 500) 2 headers in 83 bytes (0 switches on core 0)
--- no python application found, check your startup logs for errors ---
[pid: 8090|app: -1|req: -1/3] 119.80.187.222 () {52 vars in 923 bytes} [Mon Nov 25 16:18:40 2019] GET /api2/api/articleList/ => generated 21 bytes in 0 msecs (HTTP/1.1 500) 2 headers in 83 bytes (0 switches on core 0)
--- no python application found, check your startup logs for errors ---
[pid: 8090|app: -1|req: -1/4] 119.80.187.222 () {50 vars in 865 bytes} [Mon Nov 25 16:18:50 2019] POST /api2/api/articleList => generated 21 bytes in 0 msecs (HTTP/1.1 500) 2 headers in 83 bytes (0 switches on core 0)
Mon Nov 25 16:20:05 2019 - uWSGI worker 1 screams: UAAAAAAH my master disconnected: i will kill myself !!!
Mon Nov 25 16:20:05 2019 - uWSGI worker 2 screams: UAAAAAAH my master disconnected: i will kill myself !!!
*** Starting uWSGI 2.0.18 (64bit) on [Tue Jan 14 11:21:03 2020] ***
compiled with version: 4.8.5 20150623 (Red Hat 4.8.5-39) on 03 January 2020 14:25:26
os: Linux-3.10.0-693.2.2.el7.x86_64 #1 SMP Tue Sep 12 22:26:13 UTC 2017
nodename: liuxiaoer
machine: x86_64
clock source: unix
pcre jit disabled
detected number of CPU cores: 1
current working directory: /root/site/blog/xiao2Blog/server/server
writing pidfile to ./uwsgi/uwsgi.pid
detected binary path: /root/site/blog/xiao2Blog/env/bin/uwsgi
uWSGI running as root, you can use --uid/--gid/--chroot options
*** WARNING: you are running uWSGI as root !!! (use the --uid flag) *** 
chdir() to /root/site/xiao2Blog/server
chdir(): No such file or directory [core/uwsgi.c line 2623]
